{"C:\\Users\\gksrl\\Desktop\\token-login\\backend\\controllers\\user.js": {"path":"C:\\Users\\gksrl\\Desktop\\token-login\\backend\\controllers\\user.js","statementMap":{"0":{"start":{"line":1,"column":13},"end":{"line":1,"column":38}},"1":{"start":{"line":3,"column":0},"end":{"line":18,"column":1}},"2":{"start":{"line":4,"column":4},"end":{"line":17,"column":5}},"3":{"start":{"line":6,"column":21},"end":{"line":6,"column":70}},"4":{"start":{"line":7,"column":8},"end":{"line":12,"column":45}},"5":{"start":{"line":8,"column":12},"end":{"line":8,"column":68}},"6":{"start":{"line":10,"column":12},"end":{"line":10,"column":54}},"7":{"start":{"line":12,"column":13},"end":{"line":12,"column":45}},"8":{"start":{"line":15,"column":8},"end":{"line":15,"column":29}},"9":{"start":{"line":16,"column":8},"end":{"line":16,"column":20}}},"fnMap":{"0":{"name":"(anonymous_0)","decl":{"start":{"line":3,"column":23},"end":{"line":3,"column":24}},"loc":{"start":{"line":3,"column":49},"end":{"line":18,"column":1}},"line":3}},"branchMap":{"0":{"loc":{"start":{"line":7,"column":8},"end":{"line":12,"column":45}},"type":"if","locations":[{"start":{"line":7,"column":8},"end":{"line":12,"column":45}},{"start":{"line":7,"column":8},"end":{"line":12,"column":45}}],"line":7}},"s":{"0":1,"1":1,"2":2,"3":2,"4":1,"5":0,"6":0,"7":1,"8":1,"9":1},"f":{"0":2},"b":{"0":[0,1]},"_coverageSchema":"1a1c01bbd47fc00a2c39e90264f33305004495a9","hash":"5a13bca830c558374a7d08b64f01d35c61d26e32"}
,"C:\\Users\\gksrl\\Desktop\\token-login\\backend\\models\\user.js": {"path":"C:\\Users\\gksrl\\Desktop\\token-login\\backend\\models\\user.js","statementMap":{"0":{"start":{"line":1,"column":18},"end":{"line":1,"column":38}},"1":{"start":{"line":3,"column":0},"end":{"line":54,"column":2}},"2":{"start":{"line":5,"column":4},"end":{"line":37,"column":7}},"3":{"start":{"line":41,"column":4},"end":{"line":41,"column":29}},"4":{"start":{"line":43,"column":4},"end":{"line":47,"column":7}},"5":{"start":{"line":48,"column":4},"end":{"line":52,"column":7}}},"fnMap":{"0":{"name":"(anonymous_0)","decl":{"start":{"line":4,"column":2},"end":{"line":4,"column":3}},"loc":{"start":{"line":4,"column":25},"end":{"line":38,"column":3}},"line":4},"1":{"name":"(anonymous_1)","decl":{"start":{"line":40,"column":2},"end":{"line":40,"column":3}},"loc":{"start":{"line":40,"column":23},"end":{"line":53,"column":3}},"line":40}},"branchMap":{},"s":{"0":1,"1":1,"2":0,"3":0,"4":0,"5":0},"f":{"0":0,"1":0},"b":{},"_coverageSchema":"1a1c01bbd47fc00a2c39e90264f33305004495a9","hash":"09d51b714dd63fafc37703c4a7902a0cf1722bdb"}
,"C:\\Users\\gksrl\\Desktop\\token-login\\backend\\routes\\middlewares.js": {"path":"C:\\Users\\gksrl\\Desktop\\token-login\\backend\\routes\\middlewares.js","statementMap":{"0":{"start":{"line":3,"column":12},"end":{"line":3,"column":35}},"1":{"start":{"line":6,"column":0},"end":{"line":10,"column":2}},"2":{"start":{"line":7,"column":4},"end":{"line":7,"column":29}},"3":{"start":{"line":8,"column":4},"end":{"line":9,"column":40}},"4":{"start":{"line":8,"column":30},"end":{"line":8,"column":37}},"5":{"start":{"line":9,"column":9},"end":{"line":9,"column":40}},"6":{"start":{"line":12,"column":0},"end":{"line":18,"column":1}},"7":{"start":{"line":13,"column":4},"end":{"line":17,"column":5}},"8":{"start":{"line":13,"column":31},"end":{"line":13,"column":38}},"9":{"start":{"line":15,"column":24},"end":{"line":15,"column":55}},"10":{"start":{"line":16,"column":8},"end":{"line":16,"column":43}},"11":{"start":{"line":20,"column":0},"end":{"line":36,"column":1}},"12":{"start":{"line":21,"column":4},"end":{"line":35,"column":5}},"13":{"start":{"line":22,"column":8},"end":{"line":22,"column":84}},"14":{"start":{"line":23,"column":8},"end":{"line":23,"column":22}},"15":{"start":{"line":25,"column":8},"end":{"line":30,"column":9}},"16":{"start":{"line":26,"column":12},"end":{"line":29,"column":15}},"17":{"start":{"line":31,"column":8},"end":{"line":34,"column":10}}},"fnMap":{"0":{"name":"(anonymous_0)","decl":{"start":{"line":6,"column":21},"end":{"line":6,"column":22}},"loc":{"start":{"line":6,"column":41},"end":{"line":10,"column":1}},"line":6},"1":{"name":"(anonymous_1)","decl":{"start":{"line":12,"column":24},"end":{"line":12,"column":25}},"loc":{"start":{"line":12,"column":44},"end":{"line":18,"column":1}},"line":12},"2":{"name":"(anonymous_2)","decl":{"start":{"line":20,"column":22},"end":{"line":20,"column":23}},"loc":{"start":{"line":20,"column":42},"end":{"line":36,"column":1}},"line":20}},"branchMap":{"0":{"loc":{"start":{"line":8,"column":4},"end":{"line":9,"column":40}},"type":"if","locations":[{"start":{"line":8,"column":4},"end":{"line":9,"column":40}},{"start":{"line":8,"column":4},"end":{"line":9,"column":40}}],"line":8},"1":{"loc":{"start":{"line":13,"column":4},"end":{"line":17,"column":5}},"type":"if","locations":[{"start":{"line":13,"column":4},"end":{"line":17,"column":5}},{"start":{"line":13,"column":4},"end":{"line":17,"column":5}}],"line":13},"2":{"loc":{"start":{"line":25,"column":8},"end":{"line":30,"column":9}},"type":"if","locations":[{"start":{"line":25,"column":8},"end":{"line":30,"column":9}},{"start":{"line":25,"column":8},"end":{"line":30,"column":9}}],"line":25}},"s":{"0":1,"1":1,"2":2,"3":2,"4":1,"5":1,"6":1,"7":2,"8":1,"9":1,"10":1,"11":1,"12":0,"13":0,"14":0,"15":0,"16":0,"17":0},"f":{"0":2,"1":2,"2":0},"b":{"0":[1,1],"1":[1,1],"2":[0,0]},"_coverageSchema":"1a1c01bbd47fc00a2c39e90264f33305004495a9","hash":"2bb38ebdcb0acebe42d5f0b9e00d2149e23bb586"}
}
